# JRE version: OpenJDK Runtime Environment Temurin-21.0.7+6 (21.0.7+6) (build 21.0.7+6-LTS)
# Java VM: OpenJDK 64-Bit Server VM Temurin-21.0.7+6 (21.0.7+6-LTS, mixed mode, sharing, tiered, compressed oops, compressed class ptrs, parallel gc, linux-amd64)
GC Precious Log:
 CardTable entry size: 512
 CPUs: 16 total, 16 available
 Memory: 14822M
 Large Page Support: Disabled
 NUMA Support: Disabled
 Compressed Oops: Enabled (32-bit)
 Alignments: Space 512K, Generation 512K, Heap 2M
 Heap Min Capacity: 100M
 Heap Initial Capacity: 100M
 Heap Max Capacity: 1G
 Pre-touch: Disabled
 Parallel Workers: 13
Heap:
 PSYoungGen      total 3584K, used 2767K [0x00000000eab00000, 0x00000000eb000000, 0x0000000100000000)
  eden space 2048K, 78% used [0x00000000eab00000,0x00000000eac93e78,0x00000000ead00000)
  from space 1536K, 75% used [0x00000000eae80000,0x00000000eafa0040,0x00000000eb000000)
  to   space 1536K, 0% used [0x00000000ead00000,0x00000000ead00000,0x00000000eae80000)
 ParOldGen       total 260608K, used 140288K [0x00000000c0000000, 0x00000000cfe80000, 0x00000000eab00000)
  object space 260608K, 53% used [0x00000000c0000000,0x00000000c8900390,0x00000000cfe80000)
 Metaspace       used 77949K, committed 79360K, reserved 1179648K
  class space    used 7961K, committed 8640K, reserved 1048576K
GC Heap History (20 events):
Event: 17311.218 GC heap before
{Heap before GC invocations=539 (full 4):
 PSYoungGen      total 5120K, used 4799K [0x00000000eab00000, 0x00000000eb380000, 0x0000000100000000)
  eden space 2560K, 99% used [0x00000000eab00000,0x00000000ead7ff98,0x00000000ead80000)
  from space 2560K, 87% used [0x00000000eb100000,0x00000000eb330000,0x00000000eb380000)
  to   space 2560K, 0% used [0x00000000eae80000,0x00000000eae80000,0x00000000eb100000)
 ParOldGen       total 260608K, used 126090K [0x00000000c0000000, 0x00000000cfe80000, 0x00000000eab00000)
  object space 260608K, 48% used [0x00000000c0000000,0x00000000c7b228f0,0x00000000cfe80000)
 Metaspace       used 77917K, committed 79296K, reserved 1179648K
  class space    used 7959K, committed 8576K, reserved 1048576K
}
Event: 17311.220 GC heap after
{Heap after GC invocations=539 (full 4):
 PSYoungGen      total 5120K, used 1808K [0x00000000eab00000, 0x00000000eb200000, 0x0000000100000000)
  eden space 3072K, 0% used [0x00000000eab00000,0x00000000eab00000,0x00000000eae00000)
  from space 2048K, 88% used [0x00000000eae80000,0x00000000eb044000,0x00000000eb080000)
  to   space 1536K, 0% used [0x00000000eb080000,0x00000000eb080000,0x00000000eb200000)
 ParOldGen       total 260608K, used 128170K [0x00000000c0000000, 0x00000000cfe80000, 0x00000000eab00000)
  object space 260608K, 49% used [0x00000000c0000000,0x00000000c7d2a8f0,0x00000000cfe80000)
 Metaspace       used 77917K, committed 79296K, reserved 1179648K
  class space    used 7959K, committed 8576K, reserved 1048576K
}
Event: 17340.780 GC heap before
{Heap before GC invocations=540 (full 4):
 PSYoungGen      total 5120K, used 4880K [0x00000000eab00000, 0x00000000eb200000, 0x0000000100000000)
  eden space 3072K, 100% used [0x00000000eab00000,0x00000000eae00000,0x00000000eae00000)
  from space 2048K, 88% used [0x00000000eae80000,0x00000000eb044000,0x00000000eb080000)
  to   space 1536K, 0% used [0x00000000eb080000,0x00000000eb080000,0x00000000eb200000)
 ParOldGen       total 260608K, used 128170K [0x00000000c0000000, 0x00000000cfe80000, 0x00000000eab00000)
  object space 260608K, 49% used [0x00000000c0000000,0x00000000c7d2a8f0,0x00000000cfe80000)
 Metaspace       used 77925K, committed 79296K, reserved 1179648K
  class space    used 7959K, committed 8576K, reserved 1048576K
}
Event: 17340.782 GC heap after
{Heap after GC invocations=540 (full 4):
 PSYoungGen      total 3072K, used 1513K [0x00000000eab00000, 0x00000000eb600000, 0x0000000100000000)
  eden space 1536K, 0% used [0x00000000eab00000,0x00000000eab00000,0x00000000eac80000)
  from space 1536K, 98% used [0x00000000eb080000,0x00000000eb1fa550,0x00000000eb200000)
  to   space 4096K, 0% used [0x00000000eac80000,0x00000000eac80000,0x00000000eb080000)
 ParOldGen       total 260608K, used 129986K [0x00000000c0000000, 0x00000000cfe80000, 0x00000000eab00000)
  object space 260608K, 49% used [0x00000000c0000000,0x00000000c7ef08f0,0x00000000cfe80000)
 Metaspace       used 77925K, committed 79296K, reserved 1179648K
  class space    used 7959K, committed 8576K, reserved 1048576K
}
Event: 17340.784 GC heap before
{Heap before GC invocations=541 (full 4):
 PSYoungGen      total 3072K, used 3049K [0x00000000eab00000, 0x00000000eb600000, 0x0000000100000000)
  eden space 1536K, 100% used [0x00000000eab00000,0x00000000eac80000,0x00000000eac80000)
  from space 1536K, 98% used [0x00000000eb080000,0x00000000eb1fa550,0x00000000eb200000)
  to   space 4096K, 0% used [0x00000000eac80000,0x00000000eac80000,0x00000000eb080000)
 ParOldGen       total 260608K, used 129986K [0x00000000c0000000, 0x00000000cfe80000, 0x00000000eab00000)
  object space 260608K, 49% used [0x00000000c0000000,0x00000000c7ef08f0,0x00000000cfe80000)
 Metaspace       used 77926K, committed 79296K, reserved 1179648K
  class space    used 7959K, committed 8576K, reserved 1048576K
}
Event: 17340.785 GC heap after
{Heap after GC invocations=541 (full 4):
 PSYoungGen      total 3584K, used 1600K [0x00000000eab00000, 0x00000000eb200000, 0x0000000100000000)
  eden space 1536K, 0% used [0x00000000eab00000,0x00000000eab00000,0x00000000eac80000)
  from space 2048K, 78% used [0x00000000eac80000,0x00000000eae10000,0x00000000eae80000)
  to   space 2560K, 0% used [0x00000000eaf80000,0x00000000eaf80000,0x00000000eb200000)
 ParOldGen       total 260608K, used 131555K [0x00000000c0000000, 0x00000000cfe80000, 0x00000000eab00000)
  object space 260608K, 50% used [0x00000000c0000000,0x00000000c8078e50,0x00000000cfe80000)
 Metaspace       used 77926K, committed 79296K, reserved 1179648K
  class space    used 7959K, committed 8576K, reserved 1048576K
}
Event: 17340.786 GC heap before
{Heap before GC invocations=542 (full 4):
 PSYoungGen      total 3584K, used 3135K [0x00000000eab00000, 0x00000000eb200000, 0x0000000100000000)
  eden space 1536K, 99% used [0x00000000eab00000,0x00000000eac7fff8,0x00000000eac80000)
  from space 2048K, 78% used [0x00000000eac80000,0x00000000eae10000,0x00000000eae80000)
  to   space 2560K, 0% used [0x00000000eaf80000,0x00000000eaf80000,0x00000000eb200000)
 ParOldGen       total 260608K, used 131555K [0x00000000c0000000, 0x00000000cfe80000, 0x00000000eab00000)
  object space 260608K, 50% used [0x00000000c0000000,0x00000000c8078e50,0x00000000cfe80000)
 Metaspace       used 77926K, committed 79296K, reserved 1179648K
  class space    used 7959K, committed 8576K, reserved 1048576K
}
Event: 17340.787 GC heap after
{Heap after GC invocations=542 (full 4):
 PSYoungGen      total 4096K, used 1760K [0x00000000eab00000, 0x00000000eb180000, 0x0000000100000000)
  eden space 2048K, 0% used [0x00000000eab00000,0x00000000eab00000,0x00000000ead00000)
  from space 2048K, 85% used [0x00000000eaf80000,0x00000000eb138000,0x00000000eb180000)
  to   space 2048K, 0% used [0x00000000ead80000,0x00000000ead80000,0x00000000eaf80000)
 ParOldGen       total 260608K, used 133019K [0x00000000c0000000, 0x00000000cfe80000, 0x00000000eab00000)
  object space 260608K, 51% used [0x00000000c0000000,0x00000000c81e6e50,0x00000000cfe80000)
 Metaspace       used 77926K, committed 79296K, reserved 1179648K
  class space    used 7959K, committed 8576K, reserved 1048576K
}
Event: 17340.791 GC heap before
{Heap before GC invocations=543 (full 4):
 PSYoungGen      total 4096K, used 3643K [0x00000000eab00000, 0x00000000eb180000, 0x0000000100000000)
  eden space 2048K, 91% used [0x00000000eab00000,0x00000000eacd6c78,0x00000000ead00000)
  from space 2048K, 85% used [0x00000000eaf80000,0x00000000eb138000,0x00000000eb180000)
  to   space 2048K, 0% used [0x00000000ead80000,0x00000000ead80000,0x00000000eaf80000)
 ParOldGen       total 260608K, used 133019K [0x00000000c0000000, 0x00000000cfe80000, 0x00000000eab00000)
  object space 260608K, 51% used [0x00000000c0000000,0x00000000c81e6e50,0x00000000cfe80000)
 Metaspace       used 77926K, committed 79296K, reserved 1179648K
  class space    used 7959K, committed 8576K, reserved 1048576K
}
Event: 17340.792 GC heap after
{Heap after GC invocations=543 (full 4):
 PSYoungGen      total 4608K, used 1776K [0x00000000eab00000, 0x00000000eb180000, 0x0000000100000000)
  eden space 2560K, 0% used [0x00000000eab00000,0x00000000eab00000,0x00000000ead80000)
  from space 2048K, 86% used [0x00000000ead80000,0x00000000eaf3c000,0x00000000eaf80000)
  to   space 2048K, 0% used [0x00000000eaf80000,0x00000000eaf80000,0x00000000eb180000)
 ParOldGen       total 260608K, used 134595K [0x00000000c0000000, 0x00000000cfe80000, 0x00000000eab00000)
  object space 260608K, 51% used [0x00000000c0000000,0x00000000c8370e50,0x00000000cfe80000)
 Metaspace       used 77926K, committed 79296K, reserved 1179648K
  class space    used 7959K, committed 8576K, reserved 1048576K
}
Event: 17340.802 GC heap before
{Heap before GC invocations=544 (full 4):
 PSYoungGen      total 4608K, used 4336K [0x00000000eab00000, 0x00000000eb180000, 0x0000000100000000)
  eden space 2560K, 100% used [0x00000000eab00000,0x00000000ead80000,0x00000000ead80000)
  from space 2048K, 86% used [0x00000000ead80000,0x00000000eaf3c000,0x00000000eaf80000)
  to   space 2048K, 0% used [0x00000000eaf80000,0x00000000eaf80000,0x00000000eb180000)
 ParOldGen       total 260608K, used 134595K [0x00000000c0000000, 0x00000000cfe80000, 0x00000000eab00000)
  object space 260608K, 51% used [0x00000000c0000000,0x00000000c8370e50,0x00000000cfe80000)
 Metaspace       used 77926K, committed 79296K, reserved 1179648K
  class space    used 7959K, committed 8576K, reserved 1048576K
}
Event: 17340.803 GC heap after
{Heap after GC invocations=544 (full 4):
 PSYoungGen      total 2560K, used 2045K [0x00000000eab00000, 0x00000000eb700000, 0x0000000100000000)
  eden space 512K, 0% used [0x00000000eab00000,0x00000000eab00000,0x00000000eab80000)
  from space 2048K, 99% used [0x00000000eaf80000,0x00000000eb17f540,0x00000000eb180000)
  to   space 4096K, 0% used [0x00000000eab80000,0x00000000eab80000,0x00000000eaf80000)
 ParOldGen       total 260608K, used 136451K [0x00000000c0000000, 0x00000000cfe80000, 0x00000000eab00000)
  object space 260608K, 52% used [0x00000000c0000000,0x00000000c8540e50,0x00000000cfe80000)
 Metaspace       used 77926K, committed 79296K, reserved 1179648K
  class space    used 7959K, committed 8576K, reserved 1048576K
}
Event: 17340.804 GC heap before
{Heap before GC invocations=545 (full 4):
 PSYoungGen      total 2560K, used 2557K [0x00000000eab00000, 0x00000000eb700000, 0x0000000100000000)
  eden space 512K, 100% used [0x00000000eab00000,0x00000000eab80000,0x00000000eab80000)
  from space 2048K, 99% used [0x00000000eaf80000,0x00000000eb17f540,0x00000000eb180000)
  to   space 4096K, 0% used [0x00000000eab80000,0x00000000eab80000,0x00000000eaf80000)
 ParOldGen       total 260608K, used 136451K [0x00000000c0000000, 0x00000000cfe80000, 0x00000000eab00000)
  object space 260608K, 52% used [0x00000000c0000000,0x00000000c8540e50,0x00000000cfe80000)
 Metaspace       used 77926K, committed 79296K, reserved 1179648K
  class space    used 7959K, committed 8576K, reserved 1048576K
}
Event: 17340.805 GC heap after
{Heap after GC invocations=545 (full 4):
 PSYoungGen      total 1536K, used 704K [0x00000000eab00000, 0x00000000eb000000, 0x0000000100000000)
  eden space 512K, 0% used [0x00000000eab00000,0x00000000eab00000,0x00000000eab80000)
  from space 1024K, 68% used [0x00000000eab80000,0x00000000eac30000,0x00000000eac80000)
  to   space 2048K, 0% used [0x00000000eae00000,0x00000000eae00000,0x00000000eb000000)
 ParOldGen       total 260608K, used 138560K [0x00000000c0000000, 0x00000000cfe80000, 0x00000000eab00000)
  object space 260608K, 53% used [0x00000000c0000000,0x00000000c8750390,0x00000000cfe80000)
 Metaspace       used 77926K, committed 79296K, reserved 1179648K
  class space    used 7959K, committed 8576K, reserved 1048576K
}
Event: 17340.806 GC heap before
{Heap before GC invocations=546 (full 4):
 PSYoungGen      total 1536K, used 1216K [0x00000000eab00000, 0x00000000eb000000, 0x0000000100000000)
  eden space 512K, 100% used [0x00000000eab00000,0x00000000eab80000,0x00000000eab80000)
  from space 1024K, 68% used [0x00000000eab80000,0x00000000eac30000,0x00000000eac80000)
  to   space 2048K, 0% used [0x00000000eae00000,0x00000000eae00000,0x00000000eb000000)
 ParOldGen       total 260608K, used 138560K [0x00000000c0000000, 0x00000000cfe80000, 0x00000000eab00000)
  object space 260608K, 53% used [0x00000000c0000000,0x00000000c8750390,0x00000000cfe80000)
 Metaspace       used 77926K, committed 79296K, reserved 1179648K
  class space    used 7959K, committed 8576K, reserved 1048576K
}
Event: 17340.806 GC heap after
{Heap after GC invocations=546 (full 4):
 PSYoungGen      total 2048K, used 768K [0x00000000eab00000, 0x00000000eaf00000, 0x0000000100000000)
  eden space 1024K, 0% used [0x00000000eab00000,0x00000000eab00000,0x00000000eac00000)
  from space 1024K, 75% used [0x00000000eae00000,0x00000000eaec0000,0x00000000eaf00000)
  to   space 1024K, 0% used [0x00000000ead00000,0x00000000ead00000,0x00000000eae00000)
 ParOldGen       total 260608K, used 139128K [0x00000000c0000000, 0x00000000cfe80000, 0x00000000eab00000)
  object space 260608K, 53% used [0x00000000c0000000,0x00000000c87de390,0x00000000cfe80000)
 Metaspace       used 77926K, committed 79296K, reserved 1179648K
  class space    used 7959K, committed 8576K, reserved 1048576K
}
Event: 17340.809 GC heap before
{Heap before GC invocations=547 (full 4):
 PSYoungGen      total 2048K, used 1789K [0x00000000eab00000, 0x00000000eaf00000, 0x0000000100000000)
  eden space 1024K, 99% used [0x00000000eab00000,0x00000000eabff7d0,0x00000000eac00000)
  from space 1024K, 75% used [0x00000000eae00000,0x00000000eaec0000,0x00000000eaf00000)
  to   space 1024K, 0% used [0x00000000ead00000,0x00000000ead00000,0x00000000eae00000)
 ParOldGen       total 260608K, used 139128K [0x00000000c0000000, 0x00000000cfe80000, 0x00000000eab00000)
  object space 260608K, 53% used [0x00000000c0000000,0x00000000c87de390,0x00000000cfe80000)
 Metaspace       used 77926K, committed 79296K, reserved 1179648K
  class space    used 7959K, committed 8576K, reserved 1048576K
}
Event: 17340.809 GC heap after
{Heap after GC invocations=547 (full 4):
 PSYoungGen      total 2560K, used 1024K [0x00000000eab00000, 0x00000000eb080000, 0x0000000100000000)
  eden space 1536K, 0% used [0x00000000eab00000,0x00000000eab00000,0x00000000eac80000)
  from space 1024K, 100% used [0x00000000ead00000,0x00000000eae00000,0x00000000eae00000)
  to   space 2048K, 0% used [0x00000000eae80000,0x00000000eae80000,0x00000000eb080000)
 ParOldGen       total 260608K, used 139672K [0x00000000c0000000, 0x00000000cfe80000, 0x00000000eab00000)
  object space 260608K, 53% used [0x00000000c0000000,0x00000000c8866390,0x00000000cfe80000)
 Metaspace       used 77926K, committed 79296K, reserved 1179648K
  class space    used 7959K, committed 8576K, reserved 1048576K
}
Event: 17340.888 GC heap before
{Heap before GC invocations=548 (full 4):
 PSYoungGen      total 2560K, used 2560K [0x00000000eab00000, 0x00000000eb080000, 0x0000000100000000)
  eden space 1536K, 100% used [0x00000000eab00000,0x00000000eac80000,0x00000000eac80000)
  from space 1024K, 100% used [0x00000000ead00000,0x00000000eae00000,0x00000000eae00000)
  to   space 2048K, 0% used [0x00000000eae80000,0x00000000eae80000,0x00000000eb080000)
 ParOldGen       total 260608K, used 139672K [0x00000000c0000000, 0x00000000cfe80000, 0x00000000eab00000)
  object space 260608K, 53% used [0x00000000c0000000,0x00000000c8866390,0x00000000cfe80000)
 Metaspace       used 77936K, committed 79296K, reserved 1179648K
  class space    used 7959K, committed 8576K, reserved 1048576K
}
Event: 17340.889 GC heap after
{Heap after GC invocations=548 (full 4):
 PSYoungGen      total 3584K, used 1152K [0x00000000eab00000, 0x00000000eb000000, 0x0000000100000000)
  eden space 2048K, 0% used [0x00000000eab00000,0x00000000eab00000,0x00000000ead00000)
  from space 1536K, 75% used [0x00000000eae80000,0x00000000eafa0040,0x00000000eb000000)
  to   space 1536K, 0% used [0x00000000ead00000,0x00000000ead00000,0x00000000eae80000)
 ParOldGen       total 260608K, used 140288K [0x00000000c0000000, 0x00000000cfe80000, 0x00000000eab00000)
  object space 260608K, 53% used [0x00000000c0000000,0x00000000c8900390,0x00000000cfe80000)
 Metaspace       used 77936K, committed 79296K, reserved 1179648K
  class space    used 7959K, committed 8576K, reserved 1048576K
}

