# JRE version: OpenJDK Runtime Environment (Red_Hat-21.0.7.0.6-1) (21.0.7+6) (build 21.0.7+6)
# Java VM: OpenJDK 64-Bit Server VM (Red_Hat-21.0.7.0.6-1) (21.0.7+6, mixed mode, tiered, compressed oops, compressed class ptrs, g1 gc, linux-amd64)
GC Precious Log:
 CardTable entry size: 512
 Card Set container configuration: InlinePtr #cards 4 size 8 Array Of Cards #cards 16 size 48 Howl #buckets 8 coarsen threshold 3686 Howl Bitmap #cards 512 size 80 coarsen threshold 460 Card regions per heap region 1 cards per card region 4096
 CPUs: 16 total, 16 available
 Memory: 14822M
 Large Page Support: Disabled
 NUMA Support: Disabled
 Compressed Oops: Enabled (Zero based)
 Heap Region Size: 2M
 Heap Min Capacity: 8M
 Heap Initial Capacity: 232M
 Heap Max Capacity: 3706M
 Pre-touch: Disabled
 Parallel Workers: 13
 Concurrent Workers: 3
 Concurrent Refinement Workers: 13
 Periodic GC: Disabled
Heap:
 garbage-first heap   total 157696K, used 91996K [0x00000006d8600000, 0x00000007c0000000)
  region size 2048K, 5 young (10240K), 1 survivors (2048K)
 Metaspace       used 102004K, committed 103040K, reserved 1179648K
  class space    used 13239K, committed 13696K, reserved 1048576K
GC Heap History (20 events):
Event: 7298.740 GC heap before
{Heap before GC invocations=51 (full 0):
 garbage-first heap   total 157696K, used 141966K [0x00000006d8600000, 0x00000007c0000000)
  region size 2048K, 28 young (57344K), 2 survivors (4096K)
 Metaspace       used 101560K, committed 102720K, reserved 1179648K
  class space    used 13231K, committed 13696K, reserved 1048576K
}
Event: 7298.741 GC heap after
{Heap after GC invocations=52 (full 0):
 garbage-first heap   total 157696K, used 88665K [0x00000006d8600000, 0x00000007c0000000)
  region size 2048K, 2 young (4096K), 2 survivors (4096K)
 Metaspace       used 101560K, committed 102720K, reserved 1179648K
  class space    used 13231K, committed 13696K, reserved 1048576K
}
Event: 8465.049 GC heap before
{Heap before GC invocations=52 (full 0):
 garbage-first heap   total 157696K, used 141913K [0x00000006d8600000, 0x00000007c0000000)
  region size 2048K, 28 young (57344K), 2 survivors (4096K)
 Metaspace       used 101585K, committed 102784K, reserved 1179648K
  class space    used 13231K, committed 13696K, reserved 1048576K
}
Event: 8465.052 GC heap after
{Heap after GC invocations=53 (full 0):
 garbage-first heap   total 157696K, used 86709K [0x00000006d8600000, 0x00000007c0000000)
  region size 2048K, 2 young (4096K), 2 survivors (4096K)
 Metaspace       used 101585K, committed 102784K, reserved 1179648K
  class space    used 13231K, committed 13696K, reserved 1048576K
}
Event: 9682.479 GC heap before
{Heap before GC invocations=53 (full 0):
 garbage-first heap   total 157696K, used 142005K [0x00000006d8600000, 0x00000007c0000000)
  region size 2048K, 29 young (59392K), 2 survivors (4096K)
 Metaspace       used 101585K, committed 102784K, reserved 1179648K
  class space    used 13231K, committed 13696K, reserved 1048576K
}
Event: 9682.481 GC heap after
{Heap after GC invocations=54 (full 0):
 garbage-first heap   total 157696K, used 86460K [0x00000006d8600000, 0x00000007c0000000)
  region size 2048K, 2 young (4096K), 2 survivors (4096K)
 Metaspace       used 101585K, committed 102784K, reserved 1179648K
  class space    used 13231K, committed 13696K, reserved 1048576K
}
Event: 10895.230 GC heap before
{Heap before GC invocations=55 (full 0):
 garbage-first heap   total 157696K, used 141756K [0x00000006d8600000, 0x00000007c0000000)
  region size 2048K, 29 young (59392K), 2 survivors (4096K)
 Metaspace       used 101585K, committed 102784K, reserved 1179648K
  class space    used 13231K, committed 13696K, reserved 1048576K
}
Event: 10895.232 GC heap after
{Heap after GC invocations=56 (full 0):
 garbage-first heap   total 157696K, used 86646K [0x00000006d8600000, 0x00000007c0000000)
  region size 2048K, 2 young (4096K), 2 survivors (4096K)
 Metaspace       used 101585K, committed 102784K, reserved 1179648K
  class space    used 13231K, committed 13696K, reserved 1048576K
}
Event: 12109.104 GC heap before
{Heap before GC invocations=56 (full 0):
 garbage-first heap   total 157696K, used 141942K [0x00000006d8600000, 0x00000007c0000000)
  region size 2048K, 29 young (59392K), 2 survivors (4096K)
 Metaspace       used 101588K, committed 102784K, reserved 1179648K
  class space    used 13231K, committed 13696K, reserved 1048576K
}
Event: 12109.108 GC heap after
{Heap after GC invocations=57 (full 0):
 garbage-first heap   total 157696K, used 85712K [0x00000006d8600000, 0x00000007c0000000)
  region size 2048K, 2 young (4096K), 2 survivors (4096K)
 Metaspace       used 101588K, committed 102784K, reserved 1179648K
  class space    used 13231K, committed 13696K, reserved 1048576K
}
Event: 13234.619 GC heap before
{Heap before GC invocations=57 (full 0):
 garbage-first heap   total 157696K, used 141008K [0x00000006d8600000, 0x00000007c0000000)
  region size 2048K, 29 young (59392K), 2 survivors (4096K)
 Metaspace       used 101607K, committed 102784K, reserved 1179648K
  class space    used 13231K, committed 13696K, reserved 1048576K
}
Event: 13234.621 GC heap after
{Heap after GC invocations=58 (full 0):
 garbage-first heap   total 157696K, used 85901K [0x00000006d8600000, 0x00000007c0000000)
  region size 2048K, 2 young (4096K), 2 survivors (4096K)
 Metaspace       used 101607K, committed 102784K, reserved 1179648K
  class space    used 13231K, committed 13696K, reserved 1048576K
}
Event: 13934.084 GC heap before
{Heap before GC invocations=59 (full 0):
 garbage-first heap   total 157696K, used 141197K [0x00000006d8600000, 0x00000007c0000000)
  region size 2048K, 29 young (59392K), 2 survivors (4096K)
 Metaspace       used 101955K, committed 103040K, reserved 1179648K
  class space    used 13238K, committed 13696K, reserved 1048576K
}
Event: 13934.086 GC heap after
{Heap after GC invocations=60 (full 0):
 garbage-first heap   total 157696K, used 86060K [0x00000006d8600000, 0x00000007c0000000)
  region size 2048K, 2 young (4096K), 2 survivors (4096K)
 Metaspace       used 101955K, committed 103040K, reserved 1179648K
  class space    used 13238K, committed 13696K, reserved 1048576K
}
Event: 14893.121 GC heap before
{Heap before GC invocations=60 (full 0):
 garbage-first heap   total 157696K, used 141356K [0x00000006d8600000, 0x00000007c0000000)
  region size 2048K, 29 young (59392K), 2 survivors (4096K)
 Metaspace       used 101997K, committed 103040K, reserved 1179648K
  class space    used 13238K, committed 13696K, reserved 1048576K
}
Event: 14893.124 GC heap after
{Heap after GC invocations=61 (full 0):
 garbage-first heap   total 157696K, used 85499K [0x00000006d8600000, 0x00000007c0000000)
  region size 2048K, 2 young (4096K), 2 survivors (4096K)
 Metaspace       used 101997K, committed 103040K, reserved 1179648K
  class space    used 13238K, committed 13696K, reserved 1048576K
}
Event: 16103.562 GC heap before
{Heap before GC invocations=61 (full 0):
 garbage-first heap   total 157696K, used 140795K [0x00000006d8600000, 0x00000007c0000000)
  region size 2048K, 29 young (59392K), 2 survivors (4096K)
 Metaspace       used 101997K, committed 103040K, reserved 1179648K
  class space    used 13238K, committed 13696K, reserved 1048576K
}
Event: 16103.564 GC heap after
{Heap after GC invocations=62 (full 0):
 garbage-first heap   total 157696K, used 85783K [0x00000006d8600000, 0x00000007c0000000)
  region size 2048K, 1 young (2048K), 1 survivors (2048K)
 Metaspace       used 101997K, committed 103040K, reserved 1179648K
  class space    used 13238K, committed 13696K, reserved 1048576K
}
Event: 17338.250 GC heap before
{Heap before GC invocations=63 (full 0):
 garbage-first heap   total 157696K, used 143127K [0x00000006d8600000, 0x00000007c0000000)
  region size 2048K, 29 young (59392K), 1 survivors (2048K)
 Metaspace       used 101997K, committed 103040K, reserved 1179648K
  class space    used 13238K, committed 13696K, reserved 1048576K
}
Event: 17338.251 GC heap after
{Heap after GC invocations=64 (full 0):
 garbage-first heap   total 157696K, used 85852K [0x00000006d8600000, 0x00000007c0000000)
  region size 2048K, 1 young (2048K), 1 survivors (2048K)
 Metaspace       used 101997K, committed 103040K, reserved 1179648K
  class space    used 13238K, committed 13696K, reserved 1048576K
}

